Added Component: Designator=C1(0402C)
Added Component: Designator=C2(1206C)
Added Component: Designator=C3(1206C)
Added Component: Designator=C4(0402C)
Added Component: Designator=C5(0402C)
Added Component: Designator=C6(1206C)
Added Component: Designator=C7(1206C)
Added Component: Designator=C8(0402C)
Added Component: Designator=C9(0402C)
Added Component: Designator=C10(0603CH)
Added Component: Designator=C11(0402C)
Added Component: Designator=C12(0402C)
Added Component: Designator=C13(0402C)
Added Component: Designator=C14(0402C)
Added Component: Designator=C15(0402C)
Added Component: Designator=C16(0603CH)
Added Component: Designator=C17(0402C)
Added Component: Designator=C18(0603CH)
Added Component: Designator=C19(0402C)
Added Component: Designator=C20(0402C)
Add Component: Footprint Not Found SOIC127P600X175-8N
Added Component: Designator=J2(TESTPOINT)
Add component (AddParameter): Name = "ANr"; Value = ""; VariantName = "[No Variations]"
Add component (AddParameter): Name = "LatestRevisionDate"; Value = "17-Jul-2002"; VariantName = "[No Variations]"
Add component (AddParameter): Name = "LatestRevisionNote"; Value = "Re-released for DXP Platform."; VariantName = "[No Variations]"
Add component (AddParameter): Name = "Publisher"; Value = "Altium Limited"; VariantName = "[No Variations]"
Added Component: Designator=L1(WE-LHMI-5030)
Add component (AddParameter): Name = "ANr"; Value = ""; VariantName = "[No Variations]"
Added Component: Designator=L2(0603L)
Add component (AddParameter): Name = "ANr"; Value = ""; VariantName = "[No Variations]"
Added Component: Designator=R1(0603R)
Added Component: Designator=R2(0402R)
Added Component: Designator=R3(0603R)
Added Component: Designator=R4(0603R)
Add Component: Footprint Not Found LPQFP-128
Added Component: Designator=U2(FP-DDC0006A-MFG)
Add component (AddParameter): Name = "Case/Package"; Value = "SOT-23-6"; VariantName = "[No Variations]"
Add component (AddParameter): Name = "Contact Plating"; Value = "Tin"; VariantName = "[No Variations]"
Add component (AddParameter): Name = "Lead Free"; Value = "Lead Free"; VariantName = "[No Variations]"
Add component (AddParameter): Name = "Max Input Voltage"; Value = "17V"; VariantName = "[No Variations]"
Add component (AddParameter): Name = "Max Operating Temperature"; Value = "125°C"; VariantName = "[No Variations]"
Add component (AddParameter): Name = "Max Output Current"; Value = "3A"; VariantName = "[No Variations]"
Add component (AddParameter): Name = "Max Output Voltage"; Value = "7V"; VariantName = "[No Variations]"
Add component (AddParameter): Name = "Min Input Voltage"; Value = "4.5V"; VariantName = "[No Variations]"
Add component (AddParameter): Name = "Min Operating Temperature"; Value = "-40°C"; VariantName = "[No Variations]"
Add component (AddParameter): Name = "Min Output Voltage"; Value = "760mV"; VariantName = "[No Variations]"
Add component (AddParameter): Name = "Mount"; Value = "Surface Mount"; VariantName = "[No Variations]"
Add component (AddParameter): Name = "Number of Outputs"; Value = "1"; VariantName = "[No Variations]"
Add component (AddParameter): Name = "Operating Supply Voltage"; Value = "17V"; VariantName = "[No Variations]"
Add component (AddParameter): Name = "Output Configuration"; Value = "Positive"; VariantName = "[No Variations]"
Add component (AddParameter): Name = "Output Current"; Value = "3A"; VariantName = "[No Variations]"
Add component (AddParameter): Name = "Output Type"; Value = "Adjustable"; VariantName = "[No Variations]"
Add component (AddParameter): Name = "Output Voltage"; Value = "7V"; VariantName = "[No Variations]"
Add component (AddParameter): Name = "Packaging"; Value = "Tape and Reel"; VariantName = "[No Variations]"
Add component (AddParameter): Name = "Quiescent Current"; Value = "190uA"; VariantName = "[No Variations]"
Add component (AddParameter): Name = "Radiation Hardening"; Value = "No"; VariantName = "[No Variations]"
Add component (AddParameter): Name = "Switching Frequency"; Value = "650kHz"; VariantName = "[No Variations]"
Add component (AddParameter): Name = "Synchronous Rectifier"; Value = "Yes"; VariantName = "[No Variations]"
Added Component: Designator=U3(ISSI-TSOP-2-44_N)
Add component (AddParameter): Name = "ComponentLink1Description"; Value = "Manufacturer URL"; VariantName = "[No Variations]"
Add component (AddParameter): Name = "ComponentLink1URL"; Value = "http://www.issi.com/US/index.shtml"; VariantName = "[No Variations]"
Add component (AddParameter): Name = "ComponentLink2Description"; Value = "Datasheet"; VariantName = "[No Variations]"
Add component (AddParameter): Name = "ComponentLink2URL"; Value = "http://www.issi.com/WW/pdf/61-64WV5128EDBLL.pdf"; VariantName = "[No Variations]"
Add component (AddParameter): Name = "ComponentLink3Description"; Value = "Package Specification"; VariantName = "[No Variations]"
Add component (AddParameter): Name = "ComponentLink3URL"; Value = "http://www.issi.com/WW/pdf/61-64WV6416EEBLL.pdf"; VariantName = "[No Variations]"
Add component (AddParameter): Name = "DatasheetVersion"; Value = "Rev. F"; VariantName = "[No Variations]"
Add component (AddParameter): Name = "Density"; Value = "4M"; VariantName = "[No Variations]"
Add component (AddParameter): Name = "Manufacturer"; Value = "Integrated Silicon Solution Inc (ISSI)"; VariantName = "[No Variations]"
Add component (AddParameter): Name = "Mounting Technology"; Value = "Surface Mount"; VariantName = "[No Variations]"
Add component (AddParameter): Name = "Organization"; Value = "512K x 8"; VariantName = "[No Variations]"
Add component (AddParameter): Name = "PackageDescription"; Value = "44-Pin 400 mil TSOP-2, Body 18.41 x 10.16 mm, Pitch 0.8 mm"; VariantName = "[No Variations]"
Add component (AddParameter): Name = "PackageReference"; Value = "TSOP-2-44"; VariantName = "[No Variations]"
Add component (AddParameter): Name = "PackageVersion"; Value = "Rev. F, 06/2008"; VariantName = "[No Variations]"
Add component (AddParameter): Name = "Packing"; Value = "Tray / Tube"; VariantName = "[No Variations]"
Add component (AddParameter): Name = "PartNumber"; Value = "IS61WV5128EDBLL-10TLI"; VariantName = "[No Variations]"
Add component (AddParameter): Name = "RoHS"; Value = "Pb-Free"; VariantName = "[No Variations]"
Add component (AddParameter): Name = "Speed (ns)"; Value = "10"; VariantName = "[No Variations]"
Added Pin To Net: NetName=GND Pin=C1-1
Added Pin To Net: NetName=5V-17V Pin=C1-2
Added Pin To Net: NetName=GND Pin=C2-1
Added Pin To Net: NetName=5V-17V Pin=C2-2
Added Pin To Net: NetName=GND Pin=C3-1
Added Pin To Net: NetName=5V-17V Pin=C3-2
Added Pin To Net: NetName=sw_node Pin=C4-1
Added Pin To Net: NetName=boot Pin=C4-2
Added Pin To Net: NetName=GND Pin=C5-1
Added Pin To Net: NetName=3V3 Pin=C5-2
Added Pin To Net: NetName=GND Pin=C6-1
Added Pin To Net: NetName=3V3 Pin=C6-2
Added Pin To Net: NetName=GND Pin=C7-1
Added Pin To Net: NetName=3V3 Pin=C7-2
Added Pin To Net: NetName=GND Pin=C8-1
Added Pin To Net: NetName=3V3 Pin=C8-2
Added Pin To Net: NetName=GND Pin=C9-1
Added Pin To Net: NetName=3V3_AN Pin=C9-2
Added Pin To Net: NetName=NetC10_1 Pin=C10-1
Added Pin To Net: NetName=GND Pin=C10-2
Added Pin To Net: NetName=GND Pin=C11-1
Added Pin To Net: NetName=3V3 Pin=C11-2
Added Pin To Net: NetName=GND Pin=C12-1
Added Pin To Net: NetName=3V3 Pin=C12-2
Added Pin To Net: NetName=GND Pin=C13-1
Added Pin To Net: NetName=3V3 Pin=C13-2
Added Pin To Net: NetName=GND Pin=C14-1
Added Pin To Net: NetName=3V3 Pin=C14-2
Added Pin To Net: NetName=GND Pin=C15-1
Added Pin To Net: NetName=3V3 Pin=C15-2
Added Pin To Net: NetName=3V3 Pin=C16-1
Added Pin To Net: NetName=GND Pin=C16-2
Added Pin To Net: NetName=GND Pin=C17-1
Added Pin To Net: NetName=3V3 Pin=C17-2
Added Pin To Net: NetName=3V3 Pin=C18-1
Added Pin To Net: NetName=GND Pin=C18-2
Added Pin To Net: NetName=GND Pin=C19-1
Added Pin To Net: NetName=3V3 Pin=C19-2
Added Pin To Net: NetName=GND Pin=C20-1
Added Pin To Net: NetName=3V3 Pin=C20-2
Add Pin To Net: Unknown Pin: Pin IC1-1
Add Pin To Net: Unknown Pin: Pin IC1-2
Add Pin To Net: Unknown Pin: Pin IC1-3
Add Pin To Net: Unknown Pin: Pin IC1-4
Add Pin To Net: Unknown Pin: Pin IC1-5
Add Pin To Net: Unknown Pin: Pin IC1-6
Add Pin To Net: Unknown Pin: Pin IC1-8
Add Pin To Net: Unknown Pin: Pin J1-12
Add Pin To Net: Unknown Pin: Pin J1-13
Added Pin To Net: NetName=Vref+ Pin=J2-1
Added Pin To Net: NetName=sw_node Pin=L1-1
Added Pin To Net: NetName=3V3 Pin=L1-2
Added Pin To Net: NetName=3V3 Pin=L2-1
Added Pin To Net: NetName=NetC10_1 Pin=L2-2
Added Pin To Net: NetName=3V3 Pin=R1-1
Added Pin To Net: NetName=feedback Pin=R1-2
Added Pin To Net: NetName=feedback Pin=R2-1
Added Pin To Net: NetName=GND Pin=R2-2
Added Pin To Net: NetName=3V3 Pin=R3-1
Added Pin To Net: NetName=SCL Pin=R3-2
Added Pin To Net: NetName=3V3 Pin=R4-1
Added Pin To Net: NetName=SDA Pin=R4-2
Add Pin To Net: Unknown Pin: Pin U1-10
Add Pin To Net: Unknown Pin: Pin U1-11
Add Pin To Net: Unknown Pin: Pin U1-12
Add Pin To Net: Unknown Pin: Pin U1-13
Add Pin To Net: Unknown Pin: Pin U1-14
Add Pin To Net: Unknown Pin: Pin U1-15
Add Pin To Net: Unknown Pin: Pin U1-18
Add Pin To Net: Unknown Pin: Pin U1-26
Add Pin To Net: Unknown Pin: Pin U1-30
Add Pin To Net: Unknown Pin: Pin U1-31
Add Pin To Net: Unknown Pin: Pin U1-42
Add Pin To Net: Unknown Pin: Pin U1-43
Add Pin To Net: Unknown Pin: Pin U1-44
Add Pin To Net: Unknown Pin: Pin U1-45
Add Pin To Net: Unknown Pin: Pin U1-46
Add Pin To Net: Unknown Pin: Pin U1-47
Add Pin To Net: Unknown Pin: Pin U1-49
Add Pin To Net: Unknown Pin: Pin U1-50
Add Pin To Net: Unknown Pin: Pin U1-51
Add Pin To Net: Unknown Pin: Pin U1-52
Add Pin To Net: Unknown Pin: Pin U1-53
Add Pin To Net: Unknown Pin: Pin U1-54
Add Pin To Net: Unknown Pin: Pin U1-55
Add Pin To Net: Unknown Pin: Pin U1-56
Add Pin To Net: Unknown Pin: Pin U1-63
Add Pin To Net: Unknown Pin: Pin U1-64
Add Pin To Net: Unknown Pin: Pin U1-73
Add Pin To Net: Unknown Pin: Pin U1-74
Add Pin To Net: Unknown Pin: Pin U1-75
Add Pin To Net: Unknown Pin: Pin U1-76
Add Pin To Net: Unknown Pin: Pin U1-77
Add Pin To Net: Unknown Pin: Pin U1-78
Add Pin To Net: Unknown Pin: Pin U1-79
Add Pin To Net: Unknown Pin: Pin U1-82
Add Pin To Net: Unknown Pin: Pin U1-83
Add Pin To Net: Unknown Pin: Pin U1-84
Add Pin To Net: Unknown Pin: Pin U1-85
Add Pin To Net: Unknown Pin: Pin U1-86
Add Pin To Net: Unknown Pin: Pin U1-94
Add Pin To Net: Unknown Pin: Pin U1-95
Add Pin To Net: Unknown Pin: Pin U1-103
Add Pin To Net: Unknown Pin: Pin U1-108
Add Pin To Net: Unknown Pin: Pin U1-109
Add Pin To Net: Unknown Pin: Pin U1-110
Add Pin To Net: Unknown Pin: Pin U1-111
Add Pin To Net: Unknown Pin: Pin U1-114
Add Pin To Net: Unknown Pin: Pin U1-115
Add Pin To Net: Unknown Pin: Pin U1-117
Add Pin To Net: Unknown Pin: Pin U1-127
Add Pin To Net: Unknown Pin: Pin U1-128
Added Pin To Net: NetName=sw_node Pin=U2-2
Added Pin To Net: NetName=5V-17V Pin=U2-3
Added Pin To Net: NetName=feedback Pin=U2-4
Added Pin To Net: NetName=5V-17V Pin=U2-5
Added Pin To Net: NetName=boot Pin=U2-6
Added Pin To Net: NetName=FMC_A0 Pin=U3-3
Added Pin To Net: NetName=FMC_A1 Pin=U3-4
Added Pin To Net: NetName=FMC_A2 Pin=U3-5
Added Pin To Net: NetName=FMC_A3 Pin=U3-6
Added Pin To Net: NetName=FMC_A4 Pin=U3-7
Added Pin To Net: NetName=FMC_CE Pin=U3-8
Added Pin To Net: NetName=FMC_D0 Pin=U3-9
Added Pin To Net: NetName=FMC_D1 Pin=U3-10
Added Pin To Net: NetName=3V3 Pin=U3-11
Added Pin To Net: NetName=GND Pin=U3-12
Added Pin To Net: NetName=FMC_D2 Pin=U3-13
Added Pin To Net: NetName=FMC_D3 Pin=U3-14
Added Pin To Net: NetName=FMC_WE Pin=U3-15
Added Pin To Net: NetName=FMC_A5 Pin=U3-16
Added Pin To Net: NetName=FMC_A6 Pin=U3-17
Added Pin To Net: NetName=FMC_A7 Pin=U3-18
Added Pin To Net: NetName=FMC_A8 Pin=U3-19
Added Pin To Net: NetName=FMC_A9 Pin=U3-20
Added Pin To Net: NetName=FMC_A10 Pin=U3-26
Added Pin To Net: NetName=FMC_A11 Pin=U3-27
Added Pin To Net: NetName=FMC_A12 Pin=U3-28
Added Pin To Net: NetName=FMC_A13 Pin=U3-29
Added Pin To Net: NetName=FMC_A14 Pin=U3-30
Added Pin To Net: NetName=FMC_D4 Pin=U3-31
Added Pin To Net: NetName=FMC_D5 Pin=U3-32
Added Pin To Net: NetName=3V3 Pin=U3-33
Added Pin To Net: NetName=GND Pin=U3-34
Added Pin To Net: NetName=FMC_D6 Pin=U3-35
Added Pin To Net: NetName=FMC_D7 Pin=U3-36
Added Pin To Net: NetName=FMC_OE Pin=U3-37
Added Pin To Net: NetName=FMC_A15 Pin=U3-38
Added Pin To Net: NetName=FMC_A16 Pin=U3-39
Added Pin To Net: NetName=FMC_A17 Pin=U3-40
Added Pin To Net: NetName=FMC_A18 Pin=U3-41
Added Member To Class: ClassName=Microcontroller Member=Component C1 100n
Added Member To Class: ClassName=Microcontroller Member=Component C2 22u
Added Member To Class: ClassName=Microcontroller Member=Component C3 22u
Added Member To Class: ClassName=Microcontroller Member=Component C4 100n
Added Member To Class: ClassName=Microcontroller Member=Component C5 100n
Added Member To Class: ClassName=Microcontroller Member=Component C6 22u
Added Member To Class: ClassName=Microcontroller Member=Component C7 22u
Added Member To Class: ClassName=Microcontroller Member=Component C8 100n
Added Member To Class: ClassName=Microcontroller Member=Component C9 100n
Added Member To Class: ClassName=Microcontroller Member=Component C10 10u
Added Member To Class: ClassName=Microcontroller Member=Component C11 100n
Added Member To Class: ClassName=Microcontroller Member=Component C12 100n
Added Member To Class: ClassName=Microcontroller Member=Component C13 100n
Added Member To Class: ClassName=Microcontroller Member=Component C14 100n
Added Member To Class: ClassName=Microcontroller Member=Component C15 100n
Added Member To Class: ClassName=Microcontroller Member=Component C16 10u
Added Member To Class: ClassName=Microcontroller Member=Component C17 100n
Added Member To Class: ClassName=Microcontroller Member=Component C18 10u
Added Member To Class: ClassName=Microcontroller Member=Component C19 100n
Added Member To Class: ClassName=Microcontroller Member=Component C20 100n
Add Class Member: Failed to add class member : Component IC1 M24C02-WMN6TP
Added Member To Class: ClassName=Microcontroller Member=Component J2 Testpoint
Added Member To Class: ClassName=Microcontroller Member=Component L1 4,7uH 3A
Added Member To Class: ClassName=Microcontroller Member=Component L2 1000E 100MHZ
Added Member To Class: ClassName=Microcontroller Member=Component R1 33K?
Added Member To Class: ClassName=Microcontroller Member=Component R2 10K
Added Member To Class: ClassName=Microcontroller Member=Component R3 10K
Added Member To Class: ClassName=Microcontroller Member=Component R4 10K
Add Class Member: Failed to add class member : Component U1 STM32G474QET6
Added Member To Class: ClassName=Microcontroller Member=Component U2 TPS563200DDCR
Added Member To Class: ClassName=Microcontroller Member=Component U3 IS61WV5128EDBLL-10TLI
