Add Component: Footprint Not Found SOIC127P600X175-8N
Added Component: Designator=U3(ISSI-TSOP-2-44_N)
Add component (AddParameter): Name = "ComponentLink1Description"; Value = "Manufacturer URL"; VariantName = "[No Variations]"
Add component (AddParameter): Name = "ComponentLink1URL"; Value = "http://www.issi.com/US/index.shtml"; VariantName = "[No Variations]"
Add component (AddParameter): Name = "ComponentLink2Description"; Value = "Datasheet"; VariantName = "[No Variations]"
Add component (AddParameter): Name = "ComponentLink2URL"; Value = "http://www.issi.com/WW/pdf/61-64WV5128EDBLL.pdf"; VariantName = "[No Variations]"
Add component (AddParameter): Name = "ComponentLink3Description"; Value = "Package Specification"; VariantName = "[No Variations]"
Add component (AddParameter): Name = "ComponentLink3URL"; Value = "http://www.issi.com/WW/pdf/61-64WV6416EEBLL.pdf"; VariantName = "[No Variations]"
Add component (AddParameter): Name = "DatasheetVersion"; Value = "Rev. F"; VariantName = "[No Variations]"
Add component (AddParameter): Name = "Density"; Value = "4M"; VariantName = "[No Variations]"
Add component (AddParameter): Name = "Manufacturer"; Value = "Integrated Silicon Solution Inc (ISSI)"; VariantName = "[No Variations]"
Add component (AddParameter): Name = "Mounting Technology"; Value = "Surface Mount"; VariantName = "[No Variations]"
Add component (AddParameter): Name = "Organization"; Value = "512K x 8"; VariantName = "[No Variations]"
Add component (AddParameter): Name = "PackageDescription"; Value = "44-Pin 400 mil TSOP-2, Body 18.41 x 10.16 mm, Pitch 0.8 mm"; VariantName = "[No Variations]"
Add component (AddParameter): Name = "PackageReference"; Value = "TSOP-2-44"; VariantName = "[No Variations]"
Add component (AddParameter): Name = "PackageVersion"; Value = "Rev. F, 06/2008"; VariantName = "[No Variations]"
Add component (AddParameter): Name = "Packing"; Value = "Tray / Tube"; VariantName = "[No Variations]"
Add component (AddParameter): Name = "PartNumber"; Value = "IS61WV5128EDBLL-10TLI"; VariantName = "[No Variations]"
Add component (AddParameter): Name = "RoHS"; Value = "Pb-Free"; VariantName = "[No Variations]"
Add component (AddParameter): Name = "Speed (ns)"; Value = "10"; VariantName = "[No Variations]"
Add Pin To Net: Unknown Pin: Pin IC1-1
Add Pin To Net: Unknown Pin: Pin IC1-2
Add Pin To Net: Unknown Pin: Pin IC1-3
Add Pin To Net: Unknown Pin: Pin IC1-4
Add Pin To Net: Unknown Pin: Pin IC1-5
Add Pin To Net: Unknown Pin: Pin IC1-6
Add Pin To Net: Unknown Pin: Pin IC1-8
Add Pin To Net: Unknown Pin: Pin J1-12
Add Pin To Net: Unknown Pin: Pin J1-13
Added Pin To Net: NetName=FMC_A0 Pin=U3-3
Added Pin To Net: NetName=FMC_A1 Pin=U3-4
Added Pin To Net: NetName=FMC_A2 Pin=U3-5
Added Pin To Net: NetName=FMC_A3 Pin=U3-6
Added Pin To Net: NetName=FMC_A4 Pin=U3-7
Added Pin To Net: NetName=FMC_CE Pin=U3-8
Added Pin To Net: NetName=FMC_D0 Pin=U3-9
Added Pin To Net: NetName=FMC_D1 Pin=U3-10
Added Pin To Net: NetName=3V3 Pin=U3-11
Added Pin To Net: NetName=GND Pin=U3-12
Added Pin To Net: NetName=FMC_D2 Pin=U3-13
Added Pin To Net: NetName=FMC_D3 Pin=U3-14
Added Pin To Net: NetName=FMC_WE Pin=U3-15
Added Pin To Net: NetName=FMC_A5 Pin=U3-16
Added Pin To Net: NetName=FMC_A6 Pin=U3-17
Added Pin To Net: NetName=FMC_A7 Pin=U3-18
Added Pin To Net: NetName=FMC_A8 Pin=U3-19
Added Pin To Net: NetName=FMC_A9 Pin=U3-20
Added Pin To Net: NetName=FMC_A10 Pin=U3-26
Added Pin To Net: NetName=FMC_A11 Pin=U3-27
Added Pin To Net: NetName=FMC_A12 Pin=U3-28
Added Pin To Net: NetName=FMC_A13 Pin=U3-29
Added Pin To Net: NetName=FMC_A14 Pin=U3-30
Added Pin To Net: NetName=FMC_D4 Pin=U3-31
Added Pin To Net: NetName=FMC_D5 Pin=U3-32
Added Pin To Net: NetName=3V3 Pin=U3-33
Added Pin To Net: NetName=GND Pin=U3-34
Added Pin To Net: NetName=FMC_D6 Pin=U3-35
Added Pin To Net: NetName=FMC_D7 Pin=U3-36
Added Pin To Net: NetName=FMC_OE Pin=U3-37
Added Pin To Net: NetName=FMC_A15 Pin=U3-38
Added Pin To Net: NetName=FMC_A16 Pin=U3-39
Added Pin To Net: NetName=FMC_A17 Pin=U3-40
Added Pin To Net: NetName=FMC_A18 Pin=U3-41
Add Class Member: Failed to add class member : Component IC1 M24C02-WMN6TP
Added Member To Class: ClassName=Microcontroller Member=Component U3 IS61WV5128EDBLL-10TLI
